# JRE version: Java(TM) SE Runtime Environment (22.0.1+8) (build 22.0.1+8-16)
# Java VM: Java HotSpot(TM) 64-Bit Server VM (22.0.1+8-16, mixed mode, sharing, tiered, compressed oops, compressed class ptrs, g1 gc, windows-amd64)
GC Precious Log:
 CardTable entry size: 512
 Card Set container configuration: InlinePtr #cards 5 size 8 Array Of Cards #cards 12 size 40 Howl #buckets 4 coarsen threshold 1843 Howl Bitmap #cards 512 size 80 coarsen threshold 460 Card regions per heap region 1 cards per card region 2048
 CPUs: 4 total, 4 available
 Memory: 3992M
 Large Page Support: Disabled
 NUMA Support: Disabled
 Compressed Oops: Enabled (32-bit)
 Heap Region Size: 1M
 Heap Min Capacity: 8M
 Heap Initial Capacity: 64M
 Heap Max Capacity: 1000M
 Pre-touch: Disabled
 Parallel Workers: 4
 Concurrent Workers: 1
 Concurrent Refinement Workers: 4
 Periodic GC: Disabled
Heap:
 garbage-first heap   total reserved 1024000K, committed 58368K, used 36227K [0x00000000c1800000, 0x0000000100000000)
  region size 1024K, 13 young (13312K), 4 survivors (4096K)
 Metaspace       used 63264K, committed 64000K, reserved 1114112K
  class space    used 8736K, committed 9024K, reserved 1048576K
GC Heap History (20 events):
Event: 7.384 GC heap before
{Heap before GC invocations=5 (full 0):
 garbage-first heap   total reserved 1024000K, committed 48128K, used 37114K [0x00000000c1800000, 0x0000000100000000)
  region size 1024K, 28 young (28672K), 5 survivors (5120K)
 Metaspace       used 25228K, committed 25664K, reserved 1114112K
  class space    used 3158K, committed 3328K, reserved 1048576K
}
Event: 7.407 GC heap after
{Heap after GC invocations=6 (full 0):
 garbage-first heap   total reserved 1024000K, committed 48128K, used 15865K [0x00000000c1800000, 0x0000000100000000)
  region size 1024K, 3 young (3072K), 3 survivors (3072K)
 Metaspace       used 25228K, committed 25664K, reserved 1114112K
  class space    used 3158K, committed 3328K, reserved 1048576K
}
Event: 9.446 GC heap before
{Heap before GC invocations=6 (full 0):
 garbage-first heap   total reserved 1024000K, committed 48128K, used 36345K [0x00000000c1800000, 0x0000000100000000)
  region size 1024K, 24 young (24576K), 3 survivors (3072K)
 Metaspace       used 29922K, committed 30400K, reserved 1114112K
  class space    used 3809K, committed 4032K, reserved 1048576K
}
Event: 9.463 GC heap after
{Heap after GC invocations=7 (full 0):
 garbage-first heap   total reserved 1024000K, committed 48128K, used 18320K [0x00000000c1800000, 0x0000000100000000)
  region size 1024K, 3 young (3072K), 3 survivors (3072K)
 Metaspace       used 29922K, committed 30400K, reserved 1114112K
  class space    used 3809K, committed 4032K, reserved 1048576K
}
Event: 11.229 GC heap before
{Heap before GC invocations=7 (full 0):
 garbage-first heap   total reserved 1024000K, committed 48128K, used 38800K [0x00000000c1800000, 0x0000000100000000)
  region size 1024K, 23 young (23552K), 3 survivors (3072K)
 Metaspace       used 34930K, committed 35520K, reserved 1114112K
  class space    used 4414K, committed 4672K, reserved 1048576K
}
Event: 11.244 GC heap after
{Heap after GC invocations=8 (full 0):
 garbage-first heap   total reserved 1024000K, committed 48128K, used 20943K [0x00000000c1800000, 0x0000000100000000)
  region size 1024K, 3 young (3072K), 3 survivors (3072K)
 Metaspace       used 34930K, committed 35520K, reserved 1114112K
  class space    used 4414K, committed 4672K, reserved 1048576K
}
Event: 11.351 GC heap before
{Heap before GC invocations=8 (full 0):
 garbage-first heap   total reserved 1024000K, committed 48128K, used 22991K [0x00000000c1800000, 0x0000000100000000)
  region size 1024K, 6 young (6144K), 3 survivors (3072K)
 Metaspace       used 35438K, committed 35968K, reserved 1114112K
  class space    used 4488K, committed 4736K, reserved 1048576K
}
Event: 11.359 GC heap after
{Heap after GC invocations=9 (full 0):
 garbage-first heap   total reserved 1024000K, committed 48128K, used 21181K [0x00000000c1800000, 0x0000000100000000)
  region size 1024K, 1 young (1024K), 1 survivors (1024K)
 Metaspace       used 35438K, committed 35968K, reserved 1114112K
  class space    used 4488K, committed 4736K, reserved 1048576K
}
Event: 12.503 GC heap before
{Heap before GC invocations=10 (full 0):
 garbage-first heap   total reserved 1024000K, committed 48128K, used 38589K [0x00000000c1800000, 0x0000000100000000)
  region size 1024K, 19 young (19456K), 1 survivors (1024K)
 Metaspace       used 40230K, committed 40832K, reserved 1114112K
  class space    used 5284K, committed 5568K, reserved 1048576K
}
Event: 12.509 GC heap after
{Heap after GC invocations=11 (full 0):
 garbage-first heap   total reserved 1024000K, committed 48128K, used 21874K [0x00000000c1800000, 0x0000000100000000)
  region size 1024K, 2 young (2048K), 2 survivors (2048K)
 Metaspace       used 40230K, committed 40832K, reserved 1114112K
  class space    used 5284K, committed 5568K, reserved 1048576K
}
Event: 13.567 GC heap before
{Heap before GC invocations=11 (full 0):
 garbage-first heap   total reserved 1024000K, committed 48128K, used 39282K [0x00000000c1800000, 0x0000000100000000)
  region size 1024K, 20 young (20480K), 2 survivors (2048K)
 Metaspace       used 44691K, committed 45312K, reserved 1114112K
  class space    used 5867K, committed 6144K, reserved 1048576K
}
Event: 13.577 GC heap after
{Heap after GC invocations=12 (full 0):
 garbage-first heap   total reserved 1024000K, committed 48128K, used 22451K [0x00000000c1800000, 0x0000000100000000)
  region size 1024K, 2 young (2048K), 2 survivors (2048K)
 Metaspace       used 44691K, committed 45312K, reserved 1114112K
  class space    used 5867K, committed 6144K, reserved 1048576K
}
Event: 14.720 GC heap before
{Heap before GC invocations=12 (full 0):
 garbage-first heap   total reserved 1024000K, committed 48128K, used 41907K [0x00000000c1800000, 0x0000000100000000)
  region size 1024K, 22 young (22528K), 2 survivors (2048K)
 Metaspace       used 50901K, committed 51456K, reserved 1114112K
  class space    used 6919K, committed 7168K, reserved 1048576K
}
Event: 14.732 GC heap after
{Heap after GC invocations=13 (full 0):
 garbage-first heap   total reserved 1024000K, committed 48128K, used 23469K [0x00000000c1800000, 0x0000000100000000)
  region size 1024K, 2 young (2048K), 2 survivors (2048K)
 Metaspace       used 50901K, committed 51456K, reserved 1114112K
  class space    used 6919K, committed 7168K, reserved 1048576K
}
Event: 15.587 GC heap before
{Heap before GC invocations=13 (full 0):
 garbage-first heap   total reserved 1024000K, committed 48128K, used 42925K [0x00000000c1800000, 0x0000000100000000)
  region size 1024K, 21 young (21504K), 2 survivors (2048K)
 Metaspace       used 55570K, committed 56192K, reserved 1114112K
  class space    used 7534K, committed 7808K, reserved 1048576K
}
Event: 15.598 GC heap after
{Heap after GC invocations=14 (full 0):
 garbage-first heap   total reserved 1024000K, committed 48128K, used 24668K [0x00000000c1800000, 0x0000000100000000)
  region size 1024K, 3 young (3072K), 3 survivors (3072K)
 Metaspace       used 55570K, committed 56192K, reserved 1114112K
  class space    used 7534K, committed 7808K, reserved 1048576K
}
Event: 16.515 GC heap before
{Heap before GC invocations=14 (full 0):
 garbage-first heap   total reserved 1024000K, committed 48128K, used 41052K [0x00000000c1800000, 0x0000000100000000)
  region size 1024K, 19 young (19456K), 3 survivors (3072K)
 Metaspace       used 58374K, committed 59008K, reserved 1114112K
  class space    used 7975K, committed 8256K, reserved 1048576K
}
Event: 16.525 GC heap after
{Heap after GC invocations=15 (full 0):
 garbage-first heap   total reserved 1024000K, committed 58368K, used 26335K [0x00000000c1800000, 0x0000000100000000)
  region size 1024K, 3 young (3072K), 3 survivors (3072K)
 Metaspace       used 58374K, committed 59008K, reserved 1114112K
  class space    used 7975K, committed 8256K, reserved 1048576K
}
Event: 18.803 GC heap before
{Heap before GC invocations=16 (full 0):
 garbage-first heap   total reserved 1024000K, committed 58368K, used 50911K [0x00000000c1800000, 0x0000000100000000)
  region size 1024K, 27 young (27648K), 3 survivors (3072K)
 Metaspace       used 61227K, committed 61952K, reserved 1114112K
  class space    used 8471K, committed 8832K, reserved 1048576K
}
Event: 18.818 GC heap after
{Heap after GC invocations=17 (full 0):
 garbage-first heap   total reserved 1024000K, committed 58368K, used 29059K [0x00000000c1800000, 0x0000000100000000)
  region size 1024K, 4 young (4096K), 4 survivors (4096K)
 Metaspace       used 61227K, committed 61952K, reserved 1114112K
  class space    used 8471K, committed 8832K, reserved 1048576K
}

